<?xml version="1.0" encoding="UTF-8"?>
<!-- Generated by org.testng.reporters.JUnitReportReporter -->
<testsuite skipped="0" hostname="AJ003051" name="runner.TestRunner" tests="1" failures="0" timestamp="05 Sep 2020 23:16:28 GMT" time="29.999" errors="0">
  <testcase name="runScenario" time="29.999" classname="runner.TestRunner"/>
</testsuite> <!-- runner.TestRunner -->
